{"level":"info","message":"Identity service running on Port 3000","service":"Identity Service","timestamp":"2025-07-12T20:51:21.086Z"}
{"error":{"cause":{"commonWireVersion":0,"compatible":true,"heartbeatFrequencyMS":10000,"localThresholdMS":15,"logicalSessionTimeoutMinutes":null,"maxElectionId":null,"maxSetVersion":null,"servers":{"ac-3ke3wnl-shard-00-00.ofbnujr.mongodb.net:27017":{"$clusterTime":null,"address":"ac-3ke3wnl-shard-00-00.ofbnujr.mongodb.net:27017","arbiters":[],"electionId":null,"error":{"beforeHandshake":false,"errorLabelSet":{}},"hosts":[],"iscryptd":false,"lastUpdateTime":207858362,"lastWriteDate":0,"logicalSessionTimeoutMinutes":null,"maxBsonObjectSize":null,"maxMessageSizeBytes":null,"maxWireVersion":0,"maxWriteBatchSize":null,"me":null,"minRoundTripTime":0,"minWireVersion":0,"passives":[],"primary":null,"roundTripTime":-1,"setName":null,"setVersion":null,"tags":{},"topologyVersion":null,"type":"Unknown"},"ac-3ke3wnl-shard-00-01.ofbnujr.mongodb.net:27017":{"$clusterTime":null,"address":"ac-3ke3wnl-shard-00-01.ofbnujr.mongodb.net:27017","arbiters":[],"electionId":null,"error":{"beforeHandshake":false,"errorLabelSet":{}},"hosts":[],"iscryptd":false,"lastUpdateTime":207858033,"lastWriteDate":0,"logicalSessionTimeoutMinutes":null,"maxBsonObjectSize":null,"maxMessageSizeBytes":null,"maxWireVersion":0,"maxWriteBatchSize":null,"me":null,"minRoundTripTime":0,"minWireVersion":0,"passives":[],"primary":null,"roundTripTime":-1,"setName":null,"setVersion":null,"tags":{},"topologyVersion":null,"type":"Unknown"},"ac-3ke3wnl-shard-00-02.ofbnujr.mongodb.net:27017":{"$clusterTime":null,"address":"ac-3ke3wnl-shard-00-02.ofbnujr.mongodb.net:27017","arbiters":[],"electionId":null,"error":{"beforeHandshake":false,"errorLabelSet":{}},"hosts":[],"iscryptd":false,"lastUpdateTime":207858361,"lastWriteDate":0,"logicalSessionTimeoutMinutes":null,"maxBsonObjectSize":null,"maxMessageSizeBytes":null,"maxWireVersion":0,"maxWriteBatchSize":null,"me":null,"minRoundTripTime":0,"minWireVersion":0,"passives":[],"primary":null,"roundTripTime":-1,"setName":null,"setVersion":null,"tags":{},"topologyVersion":null,"type":"Unknown"}},"setName":"atlas-ldvxde-shard-0","stale":false,"type":"ReplicaSetNoPrimary"},"errorLabelSet":{},"message":"Could not connect to any servers in your MongoDB Atlas cluster. One common reason is that you're trying to access the database from an IP that isn't whitelisted. Make sure your current IP address is on your Atlas cluster's IP whitelist: https://www.mongodb.com/docs/atlas/security-whitelist/","reason":{"commonWireVersion":0,"compatible":true,"heartbeatFrequencyMS":10000,"localThresholdMS":15,"logicalSessionTimeoutMinutes":null,"maxElectionId":null,"maxSetVersion":null,"servers":{"ac-3ke3wnl-shard-00-00.ofbnujr.mongodb.net:27017":{"$clusterTime":null,"address":"ac-3ke3wnl-shard-00-00.ofbnujr.mongodb.net:27017","arbiters":[],"electionId":null,"error":{"beforeHandshake":false,"errorLabelSet":{}},"hosts":[],"iscryptd":false,"lastUpdateTime":207858362,"lastWriteDate":0,"logicalSessionTimeoutMinutes":null,"maxBsonObjectSize":null,"maxMessageSizeBytes":null,"maxWireVersion":0,"maxWriteBatchSize":null,"me":null,"minRoundTripTime":0,"minWireVersion":0,"passives":[],"primary":null,"roundTripTime":-1,"setName":null,"setVersion":null,"tags":{},"topologyVersion":null,"type":"Unknown"},"ac-3ke3wnl-shard-00-01.ofbnujr.mongodb.net:27017":{"$clusterTime":null,"address":"ac-3ke3wnl-shard-00-01.ofbnujr.mongodb.net:27017","arbiters":[],"electionId":null,"error":{"beforeHandshake":false,"errorLabelSet":{}},"hosts":[],"iscryptd":false,"lastUpdateTime":207858033,"lastWriteDate":0,"logicalSessionTimeoutMinutes":null,"maxBsonObjectSize":null,"maxMessageSizeBytes":null,"maxWireVersion":0,"maxWriteBatchSize":null,"me":null,"minRoundTripTime":0,"minWireVersion":0,"passives":[],"primary":null,"roundTripTime":-1,"setName":null,"setVersion":null,"tags":{},"topologyVersion":null,"type":"Unknown"},"ac-3ke3wnl-shard-00-02.ofbnujr.mongodb.net:27017":{"$clusterTime":null,"address":"ac-3ke3wnl-shard-00-02.ofbnujr.mongodb.net:27017","arbiters":[],"electionId":null,"error":{"beforeHandshake":false,"errorLabelSet":{}},"hosts":[],"iscryptd":false,"lastUpdateTime":207858361,"lastWriteDate":0,"logicalSessionTimeoutMinutes":null,"maxBsonObjectSize":null,"maxMessageSizeBytes":null,"maxWireVersion":0,"maxWriteBatchSize":null,"me":null,"minRoundTripTime":0,"minWireVersion":0,"passives":[],"primary":null,"roundTripTime":-1,"setName":null,"setVersion":null,"tags":{},"topologyVersion":null,"type":"Unknown"}},"setName":"atlas-ldvxde-shard-0","stale":false,"type":"ReplicaSetNoPrimary"}},"level":"error","message":"Failed to connect to database","service":"Identity Service","timestamp":"2025-07-12T20:51:51.261Z"}
{"level":"info","message":"Identity service running on Port 3000","service":"Identity Service","timestamp":"2025-07-12T20:54:18.616Z"}
{"level":"info","message":"Connected to Database successfully!","service":"Identity Service","timestamp":"2025-07-12T20:54:22.733Z"}
{"level":"info","message":"Identity service running on Port 3001","service":"Identity Service","timestamp":"2025-07-12T20:55:33.501Z"}
{"level":"info","message":"Connected to Database successfully!","service":"Identity Service","timestamp":"2025-07-12T20:55:35.648Z"}
{"level":"info","message":"Identity service running on Port 3001","service":"Identity Service","timestamp":"2025-07-12T20:55:44.126Z"}
{"level":"info","message":"Connected to Database successfully!","service":"Identity Service","timestamp":"2025-07-12T20:55:46.597Z"}
{"level":"info","message":"Identity service running on Port 3001","service":"Identity Service","timestamp":"2025-07-12T20:59:29.905Z"}
{"level":"info","message":"Connected to Database successfully!","service":"Identity Service","timestamp":"2025-07-12T20:59:32.102Z"}
{"level":"info","message":"Identity service running on Port 3001","service":"Identity Service","timestamp":"2025-07-14T09:42:03.835Z"}
{"level":"info","message":"Connected to Database successfully!","service":"Identity Service","timestamp":"2025-07-14T09:42:10.599Z"}
{"body":{"email":"artemis.fowl@gmail.com","firstName":"Artemis","lastName":"Fowl","password":"criminalgenius","username":"arty27"},"level":"info","message":"Incoming request","method":"GET","service":"Identity Service","timestamp":"2025-07-14T09:44:57.311Z","url":"/api/auth/register"}
{"body":{"email":"artemis.fowl@gmail.com","firstName":"Artemis","lastName":"Fowl","password":"criminalgenius","username":"arty27"},"level":"info","message":"Incoming request","method":"POST","service":"Identity Service","timestamp":"2025-07-14T09:45:59.762Z","url":"/api/auth/register"}
{"level":"info","message":"Register User","service":"Identity Service","timestamp":"2025-07-14T09:45:59.765Z"}
{"level":"info","message":"User registered successfully!","service":"Identity Service","timestamp":"2025-07-14T09:46:00.333Z","userId":"6874d1d8309a28b0666ef4b5"}
{"level":"debug","message":"Tokens generated for user","service":"Identity Service","timestamp":"2025-07-14T09:46:00.563Z","userId":"6874d1d8309a28b0666ef4b5"}
{"body":{"email":"artemis.fowl@gmail.com","firstName":"Artemis","lastName":"Fowl","password":"criminalgenius","username":"arty27"},"level":"info","message":"Incoming request","method":"POST","service":"Identity Service","timestamp":"2025-07-14T09:46:54.985Z","url":"/api/auth/register"}
{"level":"info","message":"Register User","service":"Identity Service","timestamp":"2025-07-14T09:46:55.006Z"}
{"email":"artemis.fowl@gmail.com","level":"info","message":"User already exists","service":"Identity Service","timestamp":"2025-07-14T09:46:55.215Z","username":"arty27"}
{"error":{},"level":"error","message":"Registration error occured","service":"Identity Service","timestamp":"2025-07-14T09:46:55.215Z"}
{"level":"info","message":"Identity service running on Port 3001","service":"Identity Service","timestamp":"2025-07-14T09:48:38.525Z"}
{"level":"info","message":"Identity service running on Port 3001","service":"Identity Service","timestamp":"2025-07-14T09:48:43.670Z"}
{"level":"info","message":"Connected to Database successfully!","service":"Identity Service","timestamp":"2025-07-14T09:48:45.733Z"}
{"body":{"email":"artemis.fowl@gmail.com","firstName":"Artemis","lastName":"Fowl","password":"criminalgenius","username":"arty27"},"level":"info","message":"Incoming request","method":"POST","service":"Identity Service","timestamp":"2025-07-14T09:48:49.680Z","url":"/api/auth/register"}
{"level":"info","message":"Register User","service":"Identity Service","timestamp":"2025-07-14T09:48:49.686Z"}
{"email":"artemis.fowl@gmail.com","level":"info","message":"User already exists","service":"Identity Service","timestamp":"2025-07-14T09:48:49.904Z","username":"arty27"}
{"error":{},"level":"error","message":"Registration error occured","service":"Identity Service","timestamp":"2025-07-14T09:48:49.905Z"}
{"level":"info","message":"Identity service running on Port 3001","service":"Identity Service","timestamp":"2025-07-14T09:49:59.650Z"}
{"level":"info","message":"Connected to Database successfully!","service":"Identity Service","timestamp":"2025-07-14T09:50:01.756Z"}
{"level":"info","message":"Identity service running on Port 3001","service":"Identity Service","timestamp":"2025-07-14T09:50:47.581Z"}
{"level":"info","message":"Connected to Database successfully!","service":"Identity Service","timestamp":"2025-07-14T09:50:49.670Z"}
{"body":{"email":"artemis.fowl@gmail.com","firstName":"Artemis","lastName":"Fowl","password":"criminalgenius","username":"arty27"},"level":"info","message":"Incoming request","method":"POST","service":"Identity Service","timestamp":"2025-07-14T09:50:54.335Z","url":"/api/auth/register"}
{"level":"info","message":"Register User","service":"Identity Service","timestamp":"2025-07-14T09:50:54.403Z"}
{"email":"artemis.fowl@gmail.com","level":"info","message":"User already exists","service":"Identity Service","timestamp":"2025-07-14T09:50:54.624Z","username":"arty27"}
{"error":{},"level":"error","message":"Registration error occured","service":"Identity Service","timestamp":"2025-07-14T09:50:54.625Z"}
{"level":"info","message":"Identity service running on Port 3001","service":"Identity Service","timestamp":"2025-07-14T09:51:17.208Z"}
{"level":"info","message":"Connected to Database successfully!","service":"Identity Service","timestamp":"2025-07-14T09:51:19.370Z"}
{"body":{"email":"artemis.fowl@gmail.com","firstName":"Artemis","lastName":"Fowl","password":"criminalgenius","username":"arty27"},"level":"info","message":"Incoming request","method":"POST","service":"Identity Service","timestamp":"2025-07-14T09:51:22.773Z","url":"/api/auth/register"}
{"level":"info","message":"Register User","service":"Identity Service","timestamp":"2025-07-14T09:51:22.782Z"}
{"email":"artemis.fowl@gmail.com","level":"info","message":"User already exists","service":"Identity Service","timestamp":"2025-07-14T09:51:23.014Z","username":"arty27"}
{"level":"error","message":"Registration error occured User already exists!","service":"Identity Service","stack":"Error: User already exists!\n    at F:\\Projects\\social-media-microservices\\identity-service\\src\\services\\identity.service.ts:14:11\n    at Generator.next (<anonymous>)\n    at fulfilled (F:\\Projects\\social-media-microservices\\identity-service\\src\\services\\identity.service.ts:5:58)\n    at processTicksAndRejections (node:internal/process/task_queues:105:5)","timestamp":"2025-07-14T09:51:23.015Z"}
{"level":"info","message":"Identity service running on Port 3001","service":"Identity Service","timestamp":"2025-07-14T09:54:42.612Z"}
{"level":"info","message":"Connected to Database successfully!","service":"Identity Service","timestamp":"2025-07-14T09:54:44.743Z"}
{"body":{"email":"artemis.fowl@gmail.com","firstName":"Artemis","lastName":"Fowl","password":"criminalgenius","username":"arty27"},"level":"info","message":"Incoming request","method":"POST","service":"Identity Service","timestamp":"2025-07-14T09:54:49.110Z","url":"/api/auth/register"}
{"level":"info","message":"Register User","service":"Identity Service","timestamp":"2025-07-14T09:54:49.117Z"}
{"email":"artemis.fowl@gmail.com","level":"info","message":"User already exists","service":"Identity Service","timestamp":"2025-07-14T09:54:49.418Z","username":"arty27"}
{"level":"error","message":"Registration error occured User already exists!","service":"Identity Service","stack":"Error: User already exists!\n    at F:\\Projects\\social-media-microservices\\identity-service\\src\\services\\identity.service.ts:14:11\n    at Generator.next (<anonymous>)\n    at fulfilled (F:\\Projects\\social-media-microservices\\identity-service\\src\\services\\identity.service.ts:5:58)\n    at processTicksAndRejections (node:internal/process/task_queues:105:5)","timestamp":"2025-07-14T09:54:49.419Z"}
{"level":"info","message":"Identity service running on Port 3001","service":"Identity Service","timestamp":"2025-07-14T09:55:22.775Z"}
{"level":"info","message":"Connected to Database successfully!","service":"Identity Service","timestamp":"2025-07-14T09:55:24.934Z"}
{"body":{"email":"artemis.fowl@gmail.com","firstName":"Artemis","lastName":"Fowl","password":"criminalgenius","username":"arty27"},"level":"info","message":"Incoming request","method":"POST","service":"Identity Service","timestamp":"2025-07-14T09:55:25.628Z","url":"/api/auth/register"}
{"level":"info","message":"Register User","service":"Identity Service","timestamp":"2025-07-14T09:55:25.637Z"}
{"email":"artemis.fowl@gmail.com","level":"info","message":"User already exists","service":"Identity Service","timestamp":"2025-07-14T09:55:27.033Z","username":"arty27"}
{"error":{},"level":"error","message":"Registration error occured","service":"Identity Service","timestamp":"2025-07-14T09:55:27.034Z"}
{"level":"info","message":"Identity service running on Port 3001","service":"Identity Service","timestamp":"2025-07-14T09:55:36.951Z"}
{"level":"info","message":"Connected to Database successfully!","service":"Identity Service","timestamp":"2025-07-14T09:55:39.751Z"}
{"body":{"email":"artemis.fowl@gmail.com","firstName":"Artemis","lastName":"Fowl","password":"criminalgenius","username":"arty27"},"level":"info","message":"Incoming request","method":"POST","service":"Identity Service","timestamp":"2025-07-14T09:55:42.052Z","url":"/api/auth/register"}
{"level":"info","message":"Register User","service":"Identity Service","timestamp":"2025-07-14T09:55:42.061Z"}
{"email":"artemis.fowl@gmail.com","level":"info","message":"User already exists","service":"Identity Service","timestamp":"2025-07-14T09:55:42.458Z","username":"arty27"}
{"level":"error","message":"Registration error occured User already exists!","service":"Identity Service","stack":"Error: User already exists!\n    at F:\\Projects\\social-media-microservices\\identity-service\\src\\services\\identity.service.ts:14:11\n    at Generator.next (<anonymous>)\n    at fulfilled (F:\\Projects\\social-media-microservices\\identity-service\\src\\services\\identity.service.ts:5:58)\n    at processTicksAndRejections (node:internal/process/task_queues:105:5)","timestamp":"2025-07-14T09:55:42.461Z"}
{"body":{"email":"artemis.fowl@gmail.com","firstName":"","lastName":"Fowl","password":"criminalgenius","username":"arty27"},"level":"info","message":"Incoming request","method":"POST","service":"Identity Service","timestamp":"2025-07-14T09:57:36.113Z","url":"/api/auth/register"}
{"level":"info","message":"Register User","service":"Identity Service","timestamp":"2025-07-14T09:57:36.116Z"}
{"0":"\"firstName\" is not allowed to be empty","level":"warn","message":"Validation Failed during Registration","service":"Identity Service","timestamp":"2025-07-14T09:57:36.120Z"}
{"body":{"email":"artemis.fowl@gmail.com","firstName":"","lastName":"","password":"criminalgenius","username":"arty27"},"level":"info","message":"Incoming request","method":"POST","service":"Identity Service","timestamp":"2025-07-14T09:57:49.396Z","url":"/api/auth/register"}
{"level":"info","message":"Register User","service":"Identity Service","timestamp":"2025-07-14T09:57:49.399Z"}
{"0":"\"firstName\" is not allowed to be empty","1":"\"lastName\" is not allowed to be empty","level":"warn","message":"Validation Failed during Registration","service":"Identity Service","timestamp":"2025-07-14T09:57:49.401Z"}
{"body":{"email":"artemis.fowl@gmail.com","firstName":"Artemis","lastName":"Fowl","password":"criminalgenius","username":"arty27"},"level":"info","message":"Incoming request","method":"POST","service":"Identity Service","timestamp":"2025-07-14T09:57:55.495Z","url":"/api/auth/register"}
{"level":"info","message":"Register User","service":"Identity Service","timestamp":"2025-07-14T09:57:55.498Z"}
{"email":"artemis.fowl@gmail.com","level":"info","message":"User already exists","service":"Identity Service","timestamp":"2025-07-14T09:57:55.697Z","username":"arty27"}
{"level":"error","message":"Registration error occured User already exists!","service":"Identity Service","stack":"Error: User already exists!\n    at F:\\Projects\\social-media-microservices\\identity-service\\src\\services\\identity.service.ts:14:11\n    at Generator.next (<anonymous>)\n    at fulfilled (F:\\Projects\\social-media-microservices\\identity-service\\src\\services\\identity.service.ts:5:58)\n    at processTicksAndRejections (node:internal/process/task_queues:105:5)","timestamp":"2025-07-14T09:57:55.698Z"}
{"body":{"email":"artemis.fowl@gmail.com","firstName":"Artemis","lastName":"Fowl","password":"nius","username":"arty27"},"level":"info","message":"Incoming request","method":"POST","service":"Identity Service","timestamp":"2025-07-14T09:58:33.530Z","url":"/api/auth/register"}
{"level":"info","message":"Register User","service":"Identity Service","timestamp":"2025-07-14T09:58:33.533Z"}
{"0":"\"password\" length must be at least 6 characters long","level":"warn","message":"Validation Failed during Registration","service":"Identity Service","timestamp":"2025-07-14T09:58:33.534Z"}
